#
# There is insufficient memory for the Java Runtime Environment to continue.
# Native memory allocation (mmap) failed to map 266338304 bytes for Failed to commit area from 0x0000000702400000 to 0x0000000712200000 of length 266338304.
# Possible reasons:
#   The system is out of physical RAM or swap space
#   The process is running with CompressedOops enabled, and the Java Heap may be blocking the growth of the native heap
# Possible solutions:
#   Reduce memory load on the system
#   Increase physical memory or swap space
#   Check if swap backing store is full
#   Decrease Java heap size (-Xmx/-Xms)
#   Decrease number of Java threads
#   Decrease Java thread stack sizes (-Xss)
#   Set larger code cache with -XX:ReservedCodeCacheSize=
# This output file may be truncated or incomplete.
#
#  Out of Memory Error (t:/workspace/open/src/hotspot/os/windows/os_windows.cpp:3301), pid=32832, tid=32920
#
# JRE version:  (13.0.2+8) (build )
# Java VM: Java HotSpot(TM) 64-Bit Server VM (13.0.2+8, mixed mode, aot, sharing, tiered, compressed oops, g1 gc, windows-amd64)
# No core dump will be written. Minidumps are not enabled by default on client versions of Windows
#

---------------  S U M M A R Y ------------

Command Line: -Dfile.encoding=GBK com.component.UI.contact_Left

Host: Intel(R) Core(TM) i7-8565U CPU @ 1.80GHz, 8 cores, 15G,  Windows 10 , 64 bit Build 18362 (10.0.18362.778)
Time: Sun May  3 17:41:38 2020 ?D1¨²¡À¨º¡Á?¨º¡À?? elapsed time: 0 seconds (0d 0h 0m 0s)

---------------  T H R E A D  ---------------

Current thread (0x0000026bec8fc000):  JavaThread "Unknown thread" [_thread_in_vm, id=32920, stack(0x0000008bb6800000,0x0000008bb6900000)]

Stack: [0x0000008bb6800000,0x0000008bb6900000]
Native frames: (J=compiled Java code, j=interpreted, Vv=VM code, C=native code)
V  [jvm.dll+0x624f9a]
V  [jvm.dll+0x770cfa]
V  [jvm.dll+0x7724af]
V  [jvm.dll+0x772ab3]
V  [jvm.dll+0x24bf08]
V  [jvm.dll+0x6222aa]
V  [jvm.dll+0x6170b5]
V  [jvm.dll+0x30a88c]
V  [jvm.dll+0x30a6c2]
V  [jvm.dll+0x30fe36]
V  [jvm.dll+0x353f46]
V  [jvm.dll+0x353720]
V  [jvm.dll+0x2e550a]
V  [jvm.dll+0x2e67a2]
V  [jvm.dll+0x74dd78]
V  [jvm.dll+0x361989]
V  [jvm.dll+0x730e65]
V  [jvm.dll+0x3cc53f]
V  [jvm.dll+0x3ce861]
C  [jli.dll+0x51ff]
C  [ucrtbase.dll+0x20e72]
C  [KERNEL32.DLL+0x17bd4]
C  [ntdll.dll+0x6ce51]


---------------  P R O C E S S  ---------------

Threads class SMR info:
_java_thread_list=0x00007ffc0caaccb8, length=0, elements={
}

Java Threads: ( => current thread )

Other Threads:
  0x0000026bec966800 GCTaskThread "GC Thread#0" [stack: 0x0000008bb6900000,0x0000008bb6a00000] [id=32924]
  0x0000026bec988000 ConcurrentGCThread "G1 Main Marker" [stack: 0x0000008bb6a00000,0x0000008bb6b00000] [id=32928]
  0x0000026bec98c000 ConcurrentGCThread "G1 Conc#0" [stack: 0x0000008bb6b00000,0x0000008bb6c00000] [id=32932]

[error occurred during error reporting (printing all threads), id 0xc0000005, EXCEPTION_ACCESS_VIOLATION (0xc0000005) at pc=0x00007ffc0c2e51d7]

VM state:not at safepoint (not fully initialized)

VM Mutex/Monitor currently owned by a thread:  ([mutex/lock_event])
[0x0000026bec8f94e0] Heap_lock - owner thread: 0x0000026bec8fc000

Heap address: 0x0000000702400000, size: 4060 MB, Compressed Oops mode: Non-zero based: 0x0000000702400000
Narrow klass base: 0x0000000000000000, Narrow klass shift: 0

GC Heap History (0 events):
No events

Deoptimization events (0 events):
No events

Classes unloaded (0 events):
No events

Classes redefined (0 events):
No events

Internal exceptions (0 events):
No events

Events (8 events):
Event: 0.012 Loaded shared library C:\Program Files\Java\jdk-13.0.2\bin\zip.dll
Event: 0.013 Loaded shared library C:\Program Files\Java\jdk-13.0.2\bin\jimage.dll
Event: 0.015 Loading shared library C:\Program Files\Java\jdk-13.0.2\lib\libjava.base-coop.dll failed, error code 126
Event: 0.015 Loading shared library C:\Program Files\Java\jdk-13.0.2\lib\libjava.logging-coop.dll failed, error code 126
Event: 0.015 Loading shared library C:\Program Files\Java\jdk-13.0.2\lib\libjdk.compiler-coop.dll failed, error code 126
Event: 0.015 Loading shared library C:\Program Files\Java\jdk-13.0.2\lib\libjdk.scripting.nashorn-coop.dll failed, error code 126
Event: 0.015 Loading shared library C:\Program Files\Java\jdk-13.0.2\lib\libjdk.internal.vm.ci-coop.dll failed, error code 126
Event: 0.016 Loading shared library C:\Program Files\Java\jdk-13.0.2\lib\libjdk.internal.vm.compiler-coop.dll failed, error code 126


Dynamic libraries:
0x00007ff7fd100000 - 0x00007ff7fd10f000 	C:\Program Files\Java\jdk-13.0.2\bin\javaw.exe
0x00007ffc614c0000 - 0x00007ffc616b0000 	C:\WINDOWS\SYSTEM32\ntdll.dll
0x00007ffc60450000 - 0x00007ffc60502000 	C:\WINDOWS\System32\KERNEL32.DLL
0x00007ffc5e8a0000 - 0x00007ffc5eb43000 	C:\WINDOWS\System32\KERNELBASE.dll
0x00007ffc5e450000 - 0x00007ffc5e54a000 	C:\WINDOWS\System32\ucrtbase.dll
0x00007ffc575a0000 - 0x00007ffc575b5000 	C:\Program Files\Java\jdk-13.0.2\bin\VCRUNTIME140.dll
0x00007ffc4d8d0000 - 0x00007ffc4d8e8000 	C:\Program Files\Java\jdk-13.0.2\bin\jli.dll
0x00007ffc60dd0000 - 0x00007ffc60e73000 	C:\WINDOWS\System32\ADVAPI32.dll
0x00007ffc60f50000 - 0x00007ffc60fee000 	C:\WINDOWS\System32\msvcrt.dll
0x00007ffc5f570000 - 0x00007ffc5f607000 	C:\WINDOWS\System32\sechost.dll
0x00007ffc602b0000 - 0x00007ffc603d0000 	C:\WINDOWS\System32\RPCRT4.dll
0x00007ffc60c30000 - 0x00007ffc60dc4000 	C:\WINDOWS\System32\USER32.dll
0x00007ffc5eb80000 - 0x00007ffc5eba1000 	C:\WINDOWS\System32\win32u.dll
0x00007ffc4a9c0000 - 0x00007ffc4ac45000 	C:\WINDOWS\WinSxS\amd64_microsoft.windows.common-controls_6595b64144ccf1df_6.0.18362.778_none_e6c6b761130d4fb8\COMCTL32.dll
0x00007ffc60510000 - 0x00007ffc60536000 	C:\WINDOWS\System32\GDI32.dll
0x00007ffc5f8d0000 - 0x00007ffc5fc06000 	C:\WINDOWS\System32\combase.dll
0x00007ffc5ec50000 - 0x00007ffc5ede4000 	C:\WINDOWS\System32\gdi32full.dll
0x00007ffc5ebb0000 - 0x00007ffc5ec4e000 	C:\WINDOWS\System32\msvcp_win.dll
0x00007ffc5e750000 - 0x00007ffc5e7d0000 	C:\WINDOWS\System32\bcryptPrimitives.dll
0x00007ffc543c0000 - 0x00007ffc543ca000 	C:\WINDOWS\SYSTEM32\VERSION.dll
0x00007ffc5f740000 - 0x00007ffc5f76e000 	C:\WINDOWS\System32\IMM32.DLL
0x00007ffc24b00000 - 0x00007ffc24b9b000 	C:\Program Files\Java\jdk-13.0.2\bin\msvcp140.dll
0x00007ffc0bff0000 - 0x00007ffc0cb4d000 	C:\Program Files\Java\jdk-13.0.2\bin\server\jvm.dll
0x00007ffc61210000 - 0x00007ffc61218000 	C:\WINDOWS\System32\PSAPI.DLL
0x00007ffc57520000 - 0x00007ffc57544000 	C:\WINDOWS\SYSTEM32\WINMM.dll
0x00007ffc47ce0000 - 0x00007ffc47ce9000 	C:\WINDOWS\SYSTEM32\WSOCK32.dll
0x00007ffc601e0000 - 0x00007ffc6024f000 	C:\WINDOWS\System32\WS2_32.dll
0x00007ffc574f0000 - 0x00007ffc5751d000 	C:\WINDOWS\SYSTEM32\winmmbase.dll
0x00007ffc5e550000 - 0x00007ffc5e59a000 	C:\WINDOWS\System32\cfgmgr32.dll
0x00007ffc5e390000 - 0x00007ffc5e3a1000 	C:\WINDOWS\System32\kernel.appcore.dll
0x00007ffc4d980000 - 0x00007ffc4d990000 	C:\Program Files\Java\jdk-13.0.2\bin\verify.dll
0x00007ffc5ccc0000 - 0x00007ffc5ceb4000 	C:\WINDOWS\SYSTEM32\DBGHELP.DLL
0x00007ffc477c0000 - 0x00007ffc477ea000 	C:\WINDOWS\SYSTEM32\dbgcore.DLL
0x00007ffc38f10000 - 0x00007ffc38f36000 	C:\Program Files\Java\jdk-13.0.2\bin\java.dll
0x00007ffc4d870000 - 0x00007ffc4d887000 	C:\Program Files\Java\jdk-13.0.2\bin\zip.dll
0x00007ffc4d300000 - 0x00007ffc4d30a000 	C:\Program Files\Java\jdk-13.0.2\bin\jimage.dll

dbghelp: loaded successfully - version: 4.0.5 - missing functions: none
symbol engine: initialized successfully - sym options: 0x614 - pdb path: .;C:\Program Files\Java\jdk-13.0.2\bin;C:\WINDOWS\SYSTEM32;C:\WINDOWS\WinSxS\amd64_microsoft.windows.common-controls_6595b64144ccf1df_6.0.18362.778_none_e6c6b761130d4fb8;C:\Program Files\Java\jdk-13.0.2\bin\server

VM Arguments:
jvm_args: -Dfile.encoding=GBK 
java_command: com.component.UI.contact_Left
java_class_path (initial): C:\Users\asus\eclipse-workspace\Alimama\bin;C:\Users\asus\eclipse-workspace\Alimama\miglayout15-swing.jar
Launcher Type: SUN_STANDARD

[Global flags]
     intx CICompilerCount                          = 4                                         {product} {ergonomic}
     uint ConcGCThreads                            = 2                                         {product} {ergonomic}
     uint G1ConcRefinementThreads                  = 8                                         {product} {ergonomic}
   size_t G1HeapRegionSize                         = 1048576                                   {product} {ergonomic}
    uintx GCDrainStackTargetSize                   = 64                                        {product} {ergonomic}
   size_t InitialHeapSize                          = 266338304                                 {product} {ergonomic}
   size_t MarkStackSize                            = 4194304                                   {product} {ergonomic}
   size_t MaxHeapSize                              = 4257218560                                {product} {ergonomic}
   size_t MinHeapDeltaBytes                        = 1048576                                   {product} {ergonomic}
   size_t MinHeapSize                              = 8388608                                   {product} {ergonomic}
    uintx NonNMethodCodeHeapSize                   = 5839372                                {pd product} {ergonomic}
    uintx NonProfiledCodeHeapSize                  = 122909434                              {pd product} {ergonomic}
    uintx ProfiledCodeHeapSize                     = 122909434                              {pd product} {ergonomic}
    uintx ReservedCodeCacheSize                    = 251658240                              {pd product} {ergonomic}
     bool SegmentedCodeCache                       = true                                      {product} {ergonomic}
   size_t SoftMaxHeapSize                          = 4257218560                             {manageable} {ergonomic}
     bool UseCompressedClassPointers               = true                                 {lp64_product} {ergonomic}
     bool UseCompressedOops                        = true                                 {lp64_product} {ergonomic}
     bool UseG1GC                                  = true                                      {product} {ergonomic}
     bool UseLargePagesIndividualAllocation        = false                                  {pd product} {ergonomic}

Logging:
Log output configuration:
 #0: stdout all=warning uptime,level,tags
 #1: stderr all=off uptime,level,tags

Environment Variables:
PATH=C:/Program Files/Java/jdk-13.0.2/bin/server;C:/Program Files/Java/jdk-13.0.2/bin;C:\Windows\system32;C:\Windows;C:\Windows\System32\Wbem;C:\Windows\System32\WindowsPowerShell\v1.0\;C:\Windows\System32\OpenSSH\;C:\Program Files (x86)\NVIDIA Corporation\PhysX\Common;C:\Program Files\Intel\WiFi\bin\;C:\Program Files\Common Files\Intel\WirelessCommon\;C:\WINDOWS\system32;C:\WINDOWS;C:\WINDOWS\System32\Wbem;C:\WINDOWS\System32\WindowsPowerShell\v1.0\;C:\WINDOWS\System32\OpenSSH\;C:\Program Files\Java\jdk-13.0.2\bin;C:\Program Files\MySQL\MySQL Server 8.0\bin;C:\Program Files (x86)\QuickTime\QTSystem\;C:\Program Files\MySQL\MySQL Shell 8.0\bin\;C:\Users\asus\AppData\Local\Microsoft\WindowsApps;;F:\Microsoft VS Code\bin;C:\Users\asus\Desktop\c\bin;C:\WINDOWS\System32;
USERNAME=asus
OS=Windows_NT
PROCESSOR_IDENTIFIER=Intel64 Family 6 Model 142 Stepping 11, GenuineIntel



---------------  S Y S T E M  ---------------

OS: Windows 10 , 64 bit Build 18362 (10.0.18362.778)

CPU:total 8 (initial active 8) (4 cores per cpu, 2 threads per core) family 6 model 142 stepping 11, cmov, cx8, fxsr, mmx, sse, sse2, sse3, ssse3, sse4.1, sse4.2, popcnt, avx, avx2, aes, clmul, erms, 3dnowpref, lzcnt, ht, tsc, tscinvbit, bmi1, bmi2, adx, fma

Memory: 4k page, system-wide physical 16235M (3548M free)
TotalPageFile size 48758M (AvailPageFile size 22M)
current process WorkingSet (physical memory assigned to process): 10M, peak: 10M
current process commit charge ("private bytes"): 61M, peak: 315M

vm_info: Java HotSpot(TM) 64-Bit Server VM (13.0.2+8) for windows-amd64 JRE (13.0.2+8), built on Dec 11 2019 09:20:33 by "mach5one" with unknown MS VC++:1916

END.
